<?xml version="1.0" encoding="UTF-8"?>
<!-- Generated by org.testng.reporters.JUnitXMLReporter -->
<testsuite hostname="DFW2LPTSFH9" name="Default test" tests="4" failures="0" timestamp="23 Feb 2016 21:12:53 GMT" time="44.239" errors="0">
  <testcase name="Navigate" time="0.187" classname="com.norwex.nco.Reports"/>
  <testcase name="ProductSales" time="11.121" classname="com.norwex.nco.Reports"/>
  <testcase name="CustomerSales" time="6.608" classname="com.norwex.nco.Reports"/>
  <testcase name="SkuReport" time="6.862" classname="com.norwex.nco.Reports"/>
</testsuite> <!-- Default test -->
