<?xml version="1.0" encoding="UTF-8"?>
<testng-results skipped="1" failed="1" total="7" passed="5">
  <reporter-output>
  </reporter-output>
  <suite name="Default suite" duration-ms="217482" started-at="2016-02-22T13:02:15Z" finished-at="2016-02-22T13:05:52Z">
    <groups>
    </groups>
    <test name="Default test" duration-ms="217482" started-at="2016-02-22T13:02:15Z" finished-at="2016-02-22T13:05:52Z">
      <class name="com.norwex.pws.PwsShop">
        <test-method status="PASS" signature="Authenticate()[pri:0, instance:com.norwex.pws.PwsShop@4d5d943d]" name="Authenticate" is-config="true" duration-ms="6529" started-at="2016-02-22T07:02:15Z" finished-at="2016-02-22T07:02:21Z">
          <reporter-output>
          </reporter-output>
        </test-method> <!-- Authenticate -->
        <test-method status="PASS" signature="SetAccount()[pri:1, instance:com.norwex.pws.PwsShop@4d5d943d]" name="SetAccount" duration-ms="63166" started-at="2016-02-22T07:02:21Z" finished-at="2016-02-22T07:03:24Z">
          <reporter-output>
          </reporter-output>
        </test-method> <!-- SetAccount -->
        <test-method status="PASS" signature="Shop()[pri:2, instance:com.norwex.pws.PwsShop@4d5d943d]" name="Shop" duration-ms="8163" started-at="2016-02-22T07:03:24Z" finished-at="2016-02-22T07:03:33Z">
          <reporter-output>
          </reporter-output>
        </test-method> <!-- Shop -->
        <test-method status="PASS" signature="OrderItems()[pri:3, instance:com.norwex.pws.PwsShop@4d5d943d]" name="OrderItems" duration-ms="15247" started-at="2016-02-22T07:03:33Z" finished-at="2016-02-22T07:03:48Z">
          <reporter-output>
          </reporter-output>
        </test-method> <!-- OrderItems -->
        <test-method status="PASS" signature="UpdateCart()[pri:4, instance:com.norwex.pws.PwsShop@4d5d943d]" name="UpdateCart" duration-ms="25115" started-at="2016-02-22T07:03:48Z" depends-on-methods="com.norwex.pws.PwsShop.OrderItems" finished-at="2016-02-22T07:04:13Z">
          <reporter-output>
          </reporter-output>
        </test-method> <!-- UpdateCart -->
        <test-method status="PASS" signature="CheckOut()[pri:5, instance:com.norwex.pws.PwsShop@4d5d943d]" name="CheckOut" duration-ms="58648" started-at="2016-02-22T07:04:13Z" depends-on-methods="com.norwex.pws.PwsShop.OrderItems" finished-at="2016-02-22T07:05:12Z">
          <reporter-output>
          </reporter-output>
        </test-method> <!-- CheckOut -->
        <test-method status="FAIL" signature="PayForOrders()[pri:6, instance:com.norwex.pws.PwsShop@4d5d943d]" name="PayForOrders" duration-ms="40585" started-at="2016-02-22T07:05:12Z" depends-on-methods="com.norwex.pws.PwsShop.CheckOut" finished-at="2016-02-22T07:05:52Z">
          <exception class="java.lang.NullPointerException">
            <full-stacktrace>
              <![CDATA[java.lang.NullPointerException
	at com.norwex.pws.PwsShop.PayForOrders(PwsShop.java:88)
	at sun.reflect.NativeMethodAccessorImpl.invoke0(Native Method)
	at sun.reflect.NativeMethodAccessorImpl.invoke(NativeMethodAccessorImpl.java:62)
	at sun.reflect.DelegatingMethodAccessorImpl.invoke(DelegatingMethodAccessorImpl.java:43)
	at java.lang.reflect.Method.invoke(Method.java:497)
	at org.testng.internal.MethodInvocationHelper.invokeMethod(MethodInvocationHelper.java:86)
	at org.testng.internal.Invoker.invokeMethod(Invoker.java:643)
	at org.testng.internal.Invoker.invokeTestMethod(Invoker.java:820)
	at org.testng.internal.Invoker.invokeTestMethods(Invoker.java:1128)
	at org.testng.internal.TestMethodWorker.invokeTestMethods(TestMethodWorker.java:129)
	at org.testng.internal.TestMethodWorker.run(TestMethodWorker.java:112)
	at org.testng.TestRunner.privateRun(TestRunner.java:782)
	at org.testng.TestRunner.run(TestRunner.java:632)
	at org.testng.SuiteRunner.runTest(SuiteRunner.java:366)
	at org.testng.SuiteRunner.runSequentially(SuiteRunner.java:361)
	at org.testng.SuiteRunner.privateRun(SuiteRunner.java:319)
	at org.testng.SuiteRunner.run(SuiteRunner.java:268)
	at org.testng.SuiteRunnerWorker.runSuite(SuiteRunnerWorker.java:52)
	at org.testng.SuiteRunnerWorker.run(SuiteRunnerWorker.java:86)
	at org.testng.TestNG.runSuitesSequentially(TestNG.java:1244)
	at org.testng.TestNG.runSuitesLocally(TestNG.java:1169)
	at org.testng.TestNG.run(TestNG.java:1064)
	at org.testng.remote.RemoteTestNG.run(RemoteTestNG.java:113)
	at org.testng.remote.RemoteTestNG.initAndRun(RemoteTestNG.java:206)
	at org.testng.remote.RemoteTestNG.main(RemoteTestNG.java:177)
]]>
            </full-stacktrace>
          </exception> <!-- java.lang.NullPointerException -->
          <reporter-output>
          </reporter-output>
        </test-method> <!-- PayForOrders -->
        <test-method status="SKIP" signature="DisplaySummary()[pri:7, instance:com.norwex.pws.PwsShop@4d5d943d]" name="DisplaySummary" duration-ms="0" started-at="2016-02-22T07:05:52Z" depends-on-methods="com.norwex.pws.PwsShop.PayForOrders" finished-at="2016-02-22T07:05:52Z">
          <exception class="java.lang.Throwable">
            <message>
              <![CDATA[Method PwsShop.DisplaySummary()[pri:7, instance:com.norwex.pws.PwsShop@4d5d943d] depends on not successfully finished methods]]>
            </message>
            <full-stacktrace>
              <![CDATA[java.lang.Throwable: Method PwsShop.DisplaySummary()[pri:7, instance:com.norwex.pws.PwsShop@4d5d943d] depends on not successfully finished methods
	at org.testng.internal.Invoker.invokeTestMethods(Invoker.java:1037)
	at org.testng.internal.TestMethodWorker.invokeTestMethods(TestMethodWorker.java:129)
	at org.testng.internal.TestMethodWorker.run(TestMethodWorker.java:112)
	at org.testng.TestRunner.privateRun(TestRunner.java:782)
	at org.testng.TestRunner.run(TestRunner.java:632)
	at org.testng.SuiteRunner.runTest(SuiteRunner.java:366)
	at org.testng.SuiteRunner.runSequentially(SuiteRunner.java:361)
	at org.testng.SuiteRunner.privateRun(SuiteRunner.java:319)
	at org.testng.SuiteRunner.run(SuiteRunner.java:268)
	at org.testng.SuiteRunnerWorker.runSuite(SuiteRunnerWorker.java:52)
	at org.testng.SuiteRunnerWorker.run(SuiteRunnerWorker.java:86)
	at org.testng.TestNG.runSuitesSequentially(TestNG.java:1244)
	at org.testng.TestNG.runSuitesLocally(TestNG.java:1169)
	at org.testng.TestNG.run(TestNG.java:1064)
	at org.testng.remote.RemoteTestNG.run(RemoteTestNG.java:113)
	at org.testng.remote.RemoteTestNG.initAndRun(RemoteTestNG.java:206)
	at org.testng.remote.RemoteTestNG.main(RemoteTestNG.java:177)
]]>
            </full-stacktrace>
          </exception> <!-- java.lang.Throwable -->
          <reporter-output>
          </reporter-output>
        </test-method> <!-- DisplaySummary -->
      </class> <!-- com.norwex.pws.PwsShop -->
    </test> <!-- Default test -->
  </suite> <!-- Default suite -->
</testng-results>
