<?xml version="1.0" encoding="UTF-8"?>
<testng-results skipped="0" failed="0" total="3" passed="3">
  <reporter-output>
  </reporter-output>
  <suite name="Default suite" duration-ms="89313" started-at="2016-03-10T18:04:12Z" finished-at="2016-03-10T18:05:42Z">
    <groups>
    </groups>
    <test name="Default test" duration-ms="89313" started-at="2016-03-10T18:04:12Z" finished-at="2016-03-10T18:05:42Z">
      <class name="com.norwex.pws.PwsCreate">
        <test-method status="PASS" signature="Authenticate()[pri:0, instance:com.norwex.pws.PwsCreate@73846619]" name="Authenticate" is-config="true" duration-ms="19791" started-at="2016-03-10T12:04:12Z" finished-at="2016-03-10T12:04:32Z">
          <reporter-output>
          </reporter-output>
        </test-method> <!-- Authenticate -->
        <test-method status="PASS" signature="CreateAccount()[pri:1, instance:com.norwex.pws.PwsCreate@73846619]" name="CreateAccount" duration-ms="29675" started-at="2016-03-10T12:04:32Z" finished-at="2016-03-10T12:05:02Z">
          <reporter-output>
          </reporter-output>
        </test-method> <!-- CreateAccount -->
        <test-method status="PASS" signature="ConsultantLogin()[pri:2, instance:com.norwex.pws.PwsCreate@73846619]" name="ConsultantLogin" duration-ms="15664" started-at="2016-03-10T12:05:02Z" finished-at="2016-03-10T12:05:17Z">
          <reporter-output>
          </reporter-output>
        </test-method> <!-- ConsultantLogin -->
        <test-method status="PASS" signature="CustomerLogin()[pri:3, instance:com.norwex.pws.PwsCreate@73846619]" name="CustomerLogin" duration-ms="24124" started-at="2016-03-10T12:05:17Z" finished-at="2016-03-10T12:05:42Z">
          <reporter-output>
          </reporter-output>
        </test-method> <!-- CustomerLogin -->
      </class> <!-- com.norwex.pws.PwsCreate -->
    </test> <!-- Default test -->
  </suite> <!-- Default suite -->
</testng-results>
