<?xml version="1.0" encoding="UTF-8"?>
<testng-results skipped="3" failed="2" total="11" passed="6">
  <reporter-output>
  </reporter-output>
  <suite name="Default suite" duration-ms="200072" started-at="2016-03-22T20:41:22Z" finished-at="2016-03-22T20:44:42Z">
    <groups>
    </groups>
    <test name="Default test" duration-ms="200072" started-at="2016-03-22T20:41:22Z" finished-at="2016-03-22T20:44:42Z">
      <class name="com.norwex.nco.A_Party">
        <test-method status="PASS" signature="Authenticate()[pri:0, instance:com.norwex.nco.A_Party@4bec1f0c]" name="Authenticate" is-config="true" duration-ms="13505" started-at="2016-03-22T15:41:22Z" finished-at="2016-03-22T15:41:35Z">
          <reporter-output>
          </reporter-output>
        </test-method> <!-- Authenticate -->
        <test-method status="PASS" signature="NavigateToPartyPage()[pri:1, instance:com.norwex.nco.A_Party@4bec1f0c]" name="NavigateToPartyPage" duration-ms="197" started-at="2016-03-22T15:41:35Z" finished-at="2016-03-22T15:41:35Z">
          <reporter-output>
          </reporter-output>
        </test-method> <!-- NavigateToPartyPage -->
        <test-method status="PASS" signature="createParty()[pri:2, instance:com.norwex.nco.A_Party@4bec1f0c]" name="createParty" duration-ms="19666" started-at="2016-03-22T15:41:35Z" finished-at="2016-03-22T15:41:55Z">
          <reporter-output>
          </reporter-output>
        </test-method> <!-- createParty -->
        <test-method status="PASS" signature="ConfirmShipping()[pri:3, instance:com.norwex.nco.A_Party@4bec1f0c]" name="ConfirmShipping" duration-ms="6212" started-at="2016-03-22T15:41:55Z" depends-on-methods="com.norwex.nco.A_Party.createParty" finished-at="2016-03-22T15:42:01Z">
          <reporter-output>
          </reporter-output>
        </test-method> <!-- ConfirmShipping -->
        <test-method status="PASS" signature="addGuests()[pri:4, instance:com.norwex.nco.A_Party@4bec1f0c]" name="addGuests" duration-ms="31310" started-at="2016-03-22T15:42:01Z" depends-on-methods="com.norwex.nco.A_Party.createParty" finished-at="2016-03-22T15:42:33Z">
          <reporter-output>
          </reporter-output>
        </test-method> <!-- addGuests -->
        <test-method status="PASS" signature="addGuestOrders()[pri:5, instance:com.norwex.nco.A_Party@4bec1f0c]" name="addGuestOrders" duration-ms="73736" started-at="2016-03-22T15:42:33Z" depends-on-methods="com.norwex.nco.A_Party.addGuests" finished-at="2016-03-22T15:43:46Z">
          <reporter-output>
          </reporter-output>
        </test-method> <!-- addGuestOrders -->
        <test-method status="PASS" signature="ReviewBookings()[pri:6, instance:com.norwex.nco.A_Party@4bec1f0c]" name="ReviewBookings" duration-ms="18816" started-at="2016-03-22T15:43:46Z" depends-on-methods="com.norwex.nco.A_Party.addGuestOrders" finished-at="2016-03-22T15:44:05Z">
          <reporter-output>
          </reporter-output>
        </test-method> <!-- ReviewBookings -->
        <test-method status="FAIL" signature="addHostOrder()[pri:8, instance:com.norwex.nco.A_Party@4bec1f0c]" name="addHostOrder" duration-ms="6508" started-at="2016-03-22T15:44:05Z" depends-on-methods="com.norwex.nco.A_Party.ReviewBookings" finished-at="2016-03-22T15:44:12Z">
          <exception class="org.openqa.selenium.WebDriverException">
            <message>
              <![CDATA[Element is not clickable at point (1383.0166015625, 511.23333740234375). Other element would receive the click: <div style="display: block;" class="reveal-modal-bg"></div>
Command duration or timeout: 64 milliseconds
Build info: version: '2.51.0', revision: '1af067dbcaedd7d2ab9af5151fc471d363d97193', time: '2016-02-05 11:20:57'
System info: host: 'DFW2LPTSFH9', ip: '172.16.15.239', os.name: 'Windows 7', os.arch: 'amd64', os.version: '6.1', java.version: '1.8.0_45'
Driver info: org.openqa.selenium.firefox.FirefoxDriver
Capabilities [{applicationCacheEnabled=true, rotatable=false, handlesAlerts=true, databaseEnabled=true, version=45.0.1, platform=WINDOWS, nativeEvents=false, acceptSslCerts=true, webStorageEnabled=true, locationContextEnabled=true, browserName=firefox, takesScreenshot=true, javascriptEnabled=true, cssSelectorsEnabled=true}]
Session ID: 8c9c9f34-b319-4e86-b5ce-f90ebbe2dcd9]]>
            </message>
            <full-stacktrace>
              <![CDATA[org.openqa.selenium.WebDriverException: Element is not clickable at point (1383.0166015625, 511.23333740234375). Other element would receive the click: <div style="display: block;" class="reveal-modal-bg"></div>
Command duration or timeout: 64 milliseconds
Build info: version: '2.51.0', revision: '1af067dbcaedd7d2ab9af5151fc471d363d97193', time: '2016-02-05 11:20:57'
System info: host: 'DFW2LPTSFH9', ip: '172.16.15.239', os.name: 'Windows 7', os.arch: 'amd64', os.version: '6.1', java.version: '1.8.0_45'
Driver info: org.openqa.selenium.firefox.FirefoxDriver
Capabilities [{applicationCacheEnabled=true, rotatable=false, handlesAlerts=true, databaseEnabled=true, version=45.0.1, platform=WINDOWS, nativeEvents=false, acceptSslCerts=true, webStorageEnabled=true, locationContextEnabled=true, browserName=firefox, takesScreenshot=true, javascriptEnabled=true, cssSelectorsEnabled=true}]
Session ID: 8c9c9f34-b319-4e86-b5ce-f90ebbe2dcd9
	at sun.reflect.NativeConstructorAccessorImpl.newInstance0(Native Method)
	at sun.reflect.NativeConstructorAccessorImpl.newInstance(NativeConstructorAccessorImpl.java:62)
	at sun.reflect.DelegatingConstructorAccessorImpl.newInstance(DelegatingConstructorAccessorImpl.java:45)
	at java.lang.reflect.Constructor.newInstance(Constructor.java:422)
	at org.openqa.selenium.remote.ErrorHandler.createThrowable(ErrorHandler.java:206)
	at org.openqa.selenium.remote.ErrorHandler.throwIfResponseFailed(ErrorHandler.java:158)
	at org.openqa.selenium.remote.RemoteWebDriver.execute(RemoteWebDriver.java:678)
	at org.openqa.selenium.remote.RemoteWebElement.execute(RemoteWebElement.java:327)
	at org.openqa.selenium.remote.RemoteWebElement.click(RemoteWebElement.java:85)
	at com.norwex.nco.A_Party.AddHostOrder(A_Party.java:413)
	at com.norwex.nco.A_Party.addHostOrder(A_Party.java:140)
	at sun.reflect.NativeMethodAccessorImpl.invoke0(Native Method)
	at sun.reflect.NativeMethodAccessorImpl.invoke(NativeMethodAccessorImpl.java:62)
	at sun.reflect.DelegatingMethodAccessorImpl.invoke(DelegatingMethodAccessorImpl.java:43)
	at java.lang.reflect.Method.invoke(Method.java:497)
	at org.testng.internal.MethodInvocationHelper.invokeMethod(MethodInvocationHelper.java:86)
	at org.testng.internal.Invoker.invokeMethod(Invoker.java:643)
	at org.testng.internal.Invoker.invokeTestMethod(Invoker.java:820)
	at org.testng.internal.Invoker.invokeTestMethods(Invoker.java:1128)
	at org.testng.internal.TestMethodWorker.invokeTestMethods(TestMethodWorker.java:129)
	at org.testng.internal.TestMethodWorker.run(TestMethodWorker.java:112)
	at org.testng.TestRunner.privateRun(TestRunner.java:782)
	at org.testng.TestRunner.run(TestRunner.java:632)
	at org.testng.SuiteRunner.runTest(SuiteRunner.java:366)
	at org.testng.SuiteRunner.runSequentially(SuiteRunner.java:361)
	at org.testng.SuiteRunner.privateRun(SuiteRunner.java:319)
	at org.testng.SuiteRunner.run(SuiteRunner.java:268)
	at org.testng.SuiteRunnerWorker.runSuite(SuiteRunnerWorker.java:52)
	at org.testng.SuiteRunnerWorker.run(SuiteRunnerWorker.java:86)
	at org.testng.TestNG.runSuitesSequentially(TestNG.java:1244)
	at org.testng.TestNG.runSuitesLocally(TestNG.java:1169)
	at org.testng.TestNG.run(TestNG.java:1064)
	at org.testng.remote.RemoteTestNG.run(RemoteTestNG.java:113)
	at org.testng.remote.RemoteTestNG.initAndRun(RemoteTestNG.java:206)
	at org.testng.remote.RemoteTestNG.main(RemoteTestNG.java:177)
]]>
            </full-stacktrace>
          </exception> <!-- org.openqa.selenium.WebDriverException -->
          <reporter-output>
          </reporter-output>
        </test-method> <!-- addHostOrder -->
        <test-method status="FAIL" signature="HostPlanSummary()[pri:11, instance:com.norwex.nco.A_Party@4bec1f0c]" name="HostPlanSummary" duration-ms="30085" started-at="2016-03-22T15:44:12Z" depends-on-methods="com.norwex.nco.A_Party.ReviewBookings" finished-at="2016-03-22T15:44:42Z">
          <exception class="org.openqa.selenium.NoSuchElementException">
            <message>
              <![CDATA[Unable to locate element: {"method":"xpath","selector":"//*[@id='summaryToggle']/div[2]/div[1]/div[2]/div[1]/div[2]"}
Command duration or timeout: 30.08 seconds
For documentation on this error, please visit: http://seleniumhq.org/exceptions/no_such_element.html
Build info: version: '2.51.0', revision: '1af067dbcaedd7d2ab9af5151fc471d363d97193', time: '2016-02-05 11:20:57'
System info: host: 'DFW2LPTSFH9', ip: '172.16.15.239', os.name: 'Windows 7', os.arch: 'amd64', os.version: '6.1', java.version: '1.8.0_45'
Driver info: org.openqa.selenium.firefox.FirefoxDriver
Capabilities [{applicationCacheEnabled=true, rotatable=false, handlesAlerts=true, databaseEnabled=true, version=45.0.1, platform=WINDOWS, nativeEvents=false, acceptSslCerts=true, webStorageEnabled=true, locationContextEnabled=true, browserName=firefox, takesScreenshot=true, javascriptEnabled=true, cssSelectorsEnabled=true}]
Session ID: 8c9c9f34-b319-4e86-b5ce-f90ebbe2dcd9
*** Element info: {Using=xpath, value=//*[@id='summaryToggle']/div[2]/div[1]/div[2]/div[1]/div[2]}]]>
            </message>
            <full-stacktrace>
              <![CDATA[org.openqa.selenium.NoSuchElementException: Unable to locate element: {"method":"xpath","selector":"//*[@id='summaryToggle']/div[2]/div[1]/div[2]/div[1]/div[2]"}
Command duration or timeout: 30.08 seconds
For documentation on this error, please visit: http://seleniumhq.org/exceptions/no_such_element.html
Build info: version: '2.51.0', revision: '1af067dbcaedd7d2ab9af5151fc471d363d97193', time: '2016-02-05 11:20:57'
System info: host: 'DFW2LPTSFH9', ip: '172.16.15.239', os.name: 'Windows 7', os.arch: 'amd64', os.version: '6.1', java.version: '1.8.0_45'
Driver info: org.openqa.selenium.firefox.FirefoxDriver
Capabilities [{applicationCacheEnabled=true, rotatable=false, handlesAlerts=true, databaseEnabled=true, version=45.0.1, platform=WINDOWS, nativeEvents=false, acceptSslCerts=true, webStorageEnabled=true, locationContextEnabled=true, browserName=firefox, takesScreenshot=true, javascriptEnabled=true, cssSelectorsEnabled=true}]
Session ID: 8c9c9f34-b319-4e86-b5ce-f90ebbe2dcd9
*** Element info: {Using=xpath, value=//*[@id='summaryToggle']/div[2]/div[1]/div[2]/div[1]/div[2]}
	at sun.reflect.NativeConstructorAccessorImpl.newInstance0(Native Method)
	at sun.reflect.NativeConstructorAccessorImpl.newInstance(NativeConstructorAccessorImpl.java:62)
	at sun.reflect.DelegatingConstructorAccessorImpl.newInstance(DelegatingConstructorAccessorImpl.java:45)
	at java.lang.reflect.Constructor.newInstance(Constructor.java:422)
	at org.openqa.selenium.remote.ErrorHandler.createThrowable(ErrorHandler.java:206)
	at org.openqa.selenium.remote.ErrorHandler.throwIfResponseFailed(ErrorHandler.java:158)
	at org.openqa.selenium.remote.RemoteWebDriver.execute(RemoteWebDriver.java:678)
	at org.openqa.selenium.remote.RemoteWebDriver.findElement(RemoteWebDriver.java:363)
	at org.openqa.selenium.remote.RemoteWebDriver.findElementByXPath(RemoteWebDriver.java:500)
	at org.openqa.selenium.By$ByXPath.findElement(By.java:361)
	at org.openqa.selenium.remote.RemoteWebDriver.findElement(RemoteWebDriver.java:355)
	at com.norwex.nco.A_Party.HostPlanSummary(A_Party.java:184)
	at sun.reflect.NativeMethodAccessorImpl.invoke0(Native Method)
	at sun.reflect.NativeMethodAccessorImpl.invoke(NativeMethodAccessorImpl.java:62)
	at sun.reflect.DelegatingMethodAccessorImpl.invoke(DelegatingMethodAccessorImpl.java:43)
	at java.lang.reflect.Method.invoke(Method.java:497)
	at org.testng.internal.MethodInvocationHelper.invokeMethod(MethodInvocationHelper.java:86)
	at org.testng.internal.Invoker.invokeMethod(Invoker.java:643)
	at org.testng.internal.Invoker.invokeTestMethod(Invoker.java:820)
	at org.testng.internal.Invoker.invokeTestMethods(Invoker.java:1128)
	at org.testng.internal.TestMethodWorker.invokeTestMethods(TestMethodWorker.java:129)
	at org.testng.internal.TestMethodWorker.run(TestMethodWorker.java:112)
	at org.testng.TestRunner.privateRun(TestRunner.java:782)
	at org.testng.TestRunner.run(TestRunner.java:632)
	at org.testng.SuiteRunner.runTest(SuiteRunner.java:366)
	at org.testng.SuiteRunner.runSequentially(SuiteRunner.java:361)
	at org.testng.SuiteRunner.privateRun(SuiteRunner.java:319)
	at org.testng.SuiteRunner.run(SuiteRunner.java:268)
	at org.testng.SuiteRunnerWorker.runSuite(SuiteRunnerWorker.java:52)
	at org.testng.SuiteRunnerWorker.run(SuiteRunnerWorker.java:86)
	at org.testng.TestNG.runSuitesSequentially(TestNG.java:1244)
	at org.testng.TestNG.runSuitesLocally(TestNG.java:1169)
	at org.testng.TestNG.run(TestNG.java:1064)
	at org.testng.remote.RemoteTestNG.run(RemoteTestNG.java:113)
	at org.testng.remote.RemoteTestNG.initAndRun(RemoteTestNG.java:206)
	at org.testng.remote.RemoteTestNG.main(RemoteTestNG.java:177)
Caused by: org.openqa.selenium.NoSuchElementException: Unable to locate element: {"method":"xpath","selector":"//*[@id='summaryToggle']/div[2]/div[1]/div[2]/div[1]/div[2]"}
For documentation on this error, please visit: http://seleniumhq.org/exceptions/no_such_element.html
Build info: version: '2.51.0', revision: '1af067dbcaedd7d2ab9af5151fc471d363d97193', time: '2016-02-05 11:20:57'
System info: host: 'DFW2LPTSFH9', ip: '172.16.15.239', os.name: 'Windows 7', os.arch: 'amd64', os.version: '6.1', java.version: '1.8.0_45'
Driver info: driver.version: unknown
	at <anonymous class>.FirefoxDriver.prototype.findElementInternal_(file:///C:/Users/ALEXY~1.DSO/AppData/Local/Temp/anonymous3888382011063499130webdriver-profile/extensions/fxdriver@googlecode.com/components/driver-component.js:10723)
	at <anonymous class>.fxdriver.Timer.prototype.setTimeout/<.notify(file:///C:/Users/ALEXY~1.DSO/AppData/Local/Temp/anonymous3888382011063499130webdriver-profile/extensions/fxdriver@googlecode.com/components/driver-component.js:623)
]]>
            </full-stacktrace>
          </exception> <!-- org.openqa.selenium.NoSuchElementException -->
          <reporter-output>
          </reporter-output>
        </test-method> <!-- HostPlanSummary -->
        <test-method status="SKIP" signature="PayForOrders()[pri:9, instance:com.norwex.nco.A_Party@4bec1f0c]" name="PayForOrders" duration-ms="0" started-at="2016-03-22T15:44:42Z" depends-on-methods="com.norwex.nco.A_Party.addHostOrder" finished-at="2016-03-22T15:44:42Z">
          <exception class="java.lang.Throwable">
            <message>
              <![CDATA[Method A_Party.PayForOrders()[pri:9, instance:com.norwex.nco.A_Party@4bec1f0c] depends on not successfully finished methods]]>
            </message>
            <full-stacktrace>
              <![CDATA[java.lang.Throwable: Method A_Party.PayForOrders()[pri:9, instance:com.norwex.nco.A_Party@4bec1f0c] depends on not successfully finished methods
	at org.testng.internal.Invoker.invokeTestMethods(Invoker.java:1037)
	at org.testng.internal.TestMethodWorker.invokeTestMethods(TestMethodWorker.java:129)
	at org.testng.internal.TestMethodWorker.run(TestMethodWorker.java:112)
	at org.testng.TestRunner.privateRun(TestRunner.java:782)
	at org.testng.TestRunner.run(TestRunner.java:632)
	at org.testng.SuiteRunner.runTest(SuiteRunner.java:366)
	at org.testng.SuiteRunner.runSequentially(SuiteRunner.java:361)
	at org.testng.SuiteRunner.privateRun(SuiteRunner.java:319)
	at org.testng.SuiteRunner.run(SuiteRunner.java:268)
	at org.testng.SuiteRunnerWorker.runSuite(SuiteRunnerWorker.java:52)
	at org.testng.SuiteRunnerWorker.run(SuiteRunnerWorker.java:86)
	at org.testng.TestNG.runSuitesSequentially(TestNG.java:1244)
	at org.testng.TestNG.runSuitesLocally(TestNG.java:1169)
	at org.testng.TestNG.run(TestNG.java:1064)
	at org.testng.remote.RemoteTestNG.run(RemoteTestNG.java:113)
	at org.testng.remote.RemoteTestNG.initAndRun(RemoteTestNG.java:206)
	at org.testng.remote.RemoteTestNG.main(RemoteTestNG.java:177)
]]>
            </full-stacktrace>
          </exception> <!-- java.lang.Throwable -->
          <reporter-output>
          </reporter-output>
        </test-method> <!-- PayForOrders -->
        <test-method status="SKIP" signature="VerifySummary()[pri:10, instance:com.norwex.nco.A_Party@4bec1f0c]" name="VerifySummary" duration-ms="0" started-at="2016-03-22T15:44:42Z" depends-on-methods="com.norwex.nco.A_Party.HostPlanSummary" finished-at="2016-03-22T15:44:42Z">
          <exception class="java.lang.Throwable">
            <message>
              <![CDATA[Method A_Party.VerifySummary()[pri:10, instance:com.norwex.nco.A_Party@4bec1f0c] depends on not successfully finished methods]]>
            </message>
            <full-stacktrace>
              <![CDATA[java.lang.Throwable: Method A_Party.VerifySummary()[pri:10, instance:com.norwex.nco.A_Party@4bec1f0c] depends on not successfully finished methods
	at org.testng.internal.Invoker.invokeTestMethods(Invoker.java:1037)
	at org.testng.internal.TestMethodWorker.invokeTestMethods(TestMethodWorker.java:129)
	at org.testng.internal.TestMethodWorker.run(TestMethodWorker.java:112)
	at org.testng.TestRunner.privateRun(TestRunner.java:782)
	at org.testng.TestRunner.run(TestRunner.java:632)
	at org.testng.SuiteRunner.runTest(SuiteRunner.java:366)
	at org.testng.SuiteRunner.runSequentially(SuiteRunner.java:361)
	at org.testng.SuiteRunner.privateRun(SuiteRunner.java:319)
	at org.testng.SuiteRunner.run(SuiteRunner.java:268)
	at org.testng.SuiteRunnerWorker.runSuite(SuiteRunnerWorker.java:52)
	at org.testng.SuiteRunnerWorker.run(SuiteRunnerWorker.java:86)
	at org.testng.TestNG.runSuitesSequentially(TestNG.java:1244)
	at org.testng.TestNG.runSuitesLocally(TestNG.java:1169)
	at org.testng.TestNG.run(TestNG.java:1064)
	at org.testng.remote.RemoteTestNG.run(RemoteTestNG.java:113)
	at org.testng.remote.RemoteTestNG.initAndRun(RemoteTestNG.java:206)
	at org.testng.remote.RemoteTestNG.main(RemoteTestNG.java:177)
]]>
            </full-stacktrace>
          </exception> <!-- java.lang.Throwable -->
          <reporter-output>
          </reporter-output>
        </test-method> <!-- VerifySummary -->
        <test-method status="SKIP" signature="ReviewAndSubmit()[pri:10, instance:com.norwex.nco.A_Party@4bec1f0c]" name="ReviewAndSubmit" duration-ms="0" started-at="2016-03-22T15:44:42Z" depends-on-methods="com.norwex.nco.A_Party.PayForOrders" finished-at="2016-03-22T15:44:42Z">
          <exception class="java.lang.Throwable">
            <message>
              <![CDATA[Method A_Party.ReviewAndSubmit()[pri:10, instance:com.norwex.nco.A_Party@4bec1f0c] depends on not successfully finished methods]]>
            </message>
            <full-stacktrace>
              <![CDATA[java.lang.Throwable: Method A_Party.ReviewAndSubmit()[pri:10, instance:com.norwex.nco.A_Party@4bec1f0c] depends on not successfully finished methods
	at org.testng.internal.Invoker.invokeTestMethods(Invoker.java:1037)
	at org.testng.internal.TestMethodWorker.invokeTestMethods(TestMethodWorker.java:129)
	at org.testng.internal.TestMethodWorker.run(TestMethodWorker.java:112)
	at org.testng.TestRunner.privateRun(TestRunner.java:782)
	at org.testng.TestRunner.run(TestRunner.java:632)
	at org.testng.SuiteRunner.runTest(SuiteRunner.java:366)
	at org.testng.SuiteRunner.runSequentially(SuiteRunner.java:361)
	at org.testng.SuiteRunner.privateRun(SuiteRunner.java:319)
	at org.testng.SuiteRunner.run(SuiteRunner.java:268)
	at org.testng.SuiteRunnerWorker.runSuite(SuiteRunnerWorker.java:52)
	at org.testng.SuiteRunnerWorker.run(SuiteRunnerWorker.java:86)
	at org.testng.TestNG.runSuitesSequentially(TestNG.java:1244)
	at org.testng.TestNG.runSuitesLocally(TestNG.java:1169)
	at org.testng.TestNG.run(TestNG.java:1064)
	at org.testng.remote.RemoteTestNG.run(RemoteTestNG.java:113)
	at org.testng.remote.RemoteTestNG.initAndRun(RemoteTestNG.java:206)
	at org.testng.remote.RemoteTestNG.main(RemoteTestNG.java:177)
]]>
            </full-stacktrace>
          </exception> <!-- java.lang.Throwable -->
          <reporter-output>
          </reporter-output>
        </test-method> <!-- ReviewAndSubmit -->
      </class> <!-- com.norwex.nco.A_Party -->
    </test> <!-- Default test -->
  </suite> <!-- Default suite -->
</testng-results>
