<?xml version="1.0" encoding="UTF-8"?>
<testng-results skipped="0" failed="1" total="6" passed="5">
  <reporter-output>
  </reporter-output>
  <suite name="Default suite" duration-ms="97479" started-at="2016-03-03T20:32:13Z" finished-at="2016-03-03T20:33:50Z">
    <groups>
    </groups>
    <test name="Default test" duration-ms="97479" started-at="2016-03-03T20:32:13Z" finished-at="2016-03-03T20:33:50Z">
      <class name="com.norwex.pcs.ShoppingSpree">
        <test-method status="PASS" signature="Authenticate()[pri:0, instance:com.norwex.pcs.ShoppingSpree@73846619]" name="Authenticate" is-config="true" duration-ms="20245" started-at="2016-03-03T14:32:13Z" finished-at="2016-03-03T14:32:33Z">
          <reporter-output>
          </reporter-output>
        </test-method> <!-- Authenticate -->
        <test-method status="PASS" signature="NavigateToShoppingSpree()[pri:1, instance:com.norwex.pcs.ShoppingSpree@73846619]" name="NavigateToShoppingSpree" duration-ms="61" started-at="2016-03-03T14:32:33Z" finished-at="2016-03-03T14:32:33Z">
          <reporter-output>
          </reporter-output>
        </test-method> <!-- NavigateToShoppingSpree -->
        <test-method status="PASS" signature="AddOrders()[pri:2, instance:com.norwex.pcs.ShoppingSpree@73846619]" name="AddOrders" duration-ms="17988" started-at="2016-03-03T14:32:33Z" finished-at="2016-03-03T14:32:51Z">
          <reporter-output>
          </reporter-output>
        </test-method> <!-- AddOrders -->
        <test-method status="PASS" signature="EditQuantity()[pri:4, instance:com.norwex.pcs.ShoppingSpree@73846619]" name="EditQuantity" duration-ms="11470" started-at="2016-03-03T14:32:51Z" finished-at="2016-03-03T14:33:03Z">
          <reporter-output>
          </reporter-output>
        </test-method> <!-- EditQuantity -->
        <test-method status="PASS" signature="DeleteItem()[pri:5, instance:com.norwex.pcs.ShoppingSpree@73846619]" name="DeleteItem" duration-ms="10180" started-at="2016-03-03T14:33:03Z" finished-at="2016-03-03T14:33:13Z">
          <reporter-output>
          </reporter-output>
        </test-method> <!-- DeleteItem -->
        <test-method status="PASS" signature="CompleteOrder()[pri:6, instance:com.norwex.pcs.ShoppingSpree@73846619]" name="CompleteOrder" duration-ms="3884" started-at="2016-03-03T14:33:13Z" finished-at="2016-03-03T14:33:17Z">
          <reporter-output>
          </reporter-output>
        </test-method> <!-- CompleteOrder -->
        <test-method status="FAIL" signature="VerifyPdf()[pri:6, instance:com.norwex.pcs.ShoppingSpree@73846619]" name="VerifyPdf" duration-ms="33641" started-at="2016-03-03T14:33:17Z" finished-at="2016-03-03T14:33:50Z">
          <exception class="java.lang.NullPointerException">
            <full-stacktrace>
              <![CDATA[java.lang.NullPointerException
	at com.norwex.pcs.ShoppingSpree.VerifyPdf(ShoppingSpree.java:90)
	at sun.reflect.NativeMethodAccessorImpl.invoke0(Native Method)
	at sun.reflect.NativeMethodAccessorImpl.invoke(NativeMethodAccessorImpl.java:62)
	at sun.reflect.DelegatingMethodAccessorImpl.invoke(DelegatingMethodAccessorImpl.java:43)
	at java.lang.reflect.Method.invoke(Method.java:497)
	at org.testng.internal.MethodInvocationHelper.invokeMethod(MethodInvocationHelper.java:86)
	at org.testng.internal.Invoker.invokeMethod(Invoker.java:643)
	at org.testng.internal.Invoker.invokeTestMethod(Invoker.java:820)
	at org.testng.internal.Invoker.invokeTestMethods(Invoker.java:1128)
	at org.testng.internal.TestMethodWorker.invokeTestMethods(TestMethodWorker.java:129)
	at org.testng.internal.TestMethodWorker.run(TestMethodWorker.java:112)
	at org.testng.TestRunner.privateRun(TestRunner.java:782)
	at org.testng.TestRunner.run(TestRunner.java:632)
	at org.testng.SuiteRunner.runTest(SuiteRunner.java:366)
	at org.testng.SuiteRunner.runSequentially(SuiteRunner.java:361)
	at org.testng.SuiteRunner.privateRun(SuiteRunner.java:319)
	at org.testng.SuiteRunner.run(SuiteRunner.java:268)
	at org.testng.SuiteRunnerWorker.runSuite(SuiteRunnerWorker.java:52)
	at org.testng.SuiteRunnerWorker.run(SuiteRunnerWorker.java:86)
	at org.testng.TestNG.runSuitesSequentially(TestNG.java:1244)
	at org.testng.TestNG.runSuitesLocally(TestNG.java:1169)
	at org.testng.TestNG.run(TestNG.java:1064)
	at org.testng.remote.RemoteTestNG.run(RemoteTestNG.java:113)
	at org.testng.remote.RemoteTestNG.initAndRun(RemoteTestNG.java:206)
	at org.testng.remote.RemoteTestNG.main(RemoteTestNG.java:177)
]]>
            </full-stacktrace>
          </exception> <!-- java.lang.NullPointerException -->
          <reporter-output>
          </reporter-output>
        </test-method> <!-- VerifyPdf -->
      </class> <!-- com.norwex.pcs.ShoppingSpree -->
    </test> <!-- Default test -->
  </suite> <!-- Default suite -->
</testng-results>
