<?xml version="1.0" encoding="UTF-8"?>
<testng-results skipped="0" failed="0" total="1" passed="1">
  <reporter-output>
  </reporter-output>
  <suite name="Default suite" duration-ms="69823" started-at="2016-02-22T20:45:17Z" finished-at="2016-02-22T20:46:27Z">
    <groups>
    </groups>
    <test name="Default test" duration-ms="69823" started-at="2016-02-22T20:45:17Z" finished-at="2016-02-22T20:46:27Z">
      <class name="com.norwex.pws.PwsCreate">
        <test-method status="PASS" signature="Authenticate()[pri:0, instance:com.norwex.pws.PwsCreate@7c7b252e]" name="Authenticate" is-config="true" duration-ms="6141" started-at="2016-02-22T14:45:17Z" finished-at="2016-02-22T14:45:23Z">
          <reporter-output>
          </reporter-output>
        </test-method> <!-- Authenticate -->
        <test-method status="PASS" signature="SignUp()[pri:1, instance:com.norwex.pws.PwsCreate@7c7b252e]" name="SignUp" duration-ms="63666" started-at="2016-02-22T14:45:23Z" finished-at="2016-02-22T14:46:27Z">
          <reporter-output>
          </reporter-output>
        </test-method> <!-- SignUp -->
      </class> <!-- com.norwex.pws.PwsCreate -->
    </test> <!-- Default test -->
  </suite> <!-- Default suite -->
</testng-results>
